#
# There is insufficient memory for the Java Runtime Environment to continue.
# Native memory allocation (mmap) failed to map 67108864 bytes for G1 virtual space
# Possible reasons:
#   The system is out of physical RAM or swap space
#   The process is running with CompressedOops enabled, and the Java Heap may be blocking the growth of the native heap
# Possible solutions:
#   Reduce memory load on the system
#   Increase physical memory or swap space
#   Check if swap backing store is full
#   Decrease Java heap size (-Xmx/-Xms)
#   Decrease number of Java threads
#   Decrease Java thread stack sizes (-Xss)
#   Set larger code cache with -XX:ReservedCodeCacheSize=
#   JVM is running with Unscaled Compressed Oops mode in which the Java heap is
#     placed in the first 4GB address space. The Java Heap base address is the
#     maximum limit for the native heap growth. Please use -XX:HeapBaseMinAddress
#     to set the Java Heap base and to place the Java Heap above 4GB virtual address.
# This output file may be truncated or incomplete.
#
#  Out of Memory Error (os_windows.cpp:3548), pid=8380, tid=13180
#
# JRE version:  (17.0.12+8) (build )
# Java VM: Java HotSpot(TM) 64-Bit Server VM (17.0.12+8-LTS-286, mixed mode, sharing, tiered, compressed oops, compressed class ptrs, g1 gc, windows-amd64)
# No core dump will be written. Minidumps are not enabled by default on client versions of Windows
#

---------------  S U M M A R Y ------------

Command Line: -Xmx64m -Xms64m -Dorg.gradle.appname=gradlew org.gradle.wrapper.GradleWrapperMain app:installDebug -PreactNativeDevServerPort=8081

Host: AMD Ryzen 5 5500U with Radeon Graphics         , 12 cores, 5G,  Windows 11 , 64 bit Build 22621 (10.0.22621.3958)
Time: Sun Oct 27 10:18:37 2024 W. Mongolia Standard Time elapsed time: 0.009952 seconds (0d 0h 0m 0s)

---------------  T H R E A D  ---------------

Current thread (0x0000017d6d9f9740):  JavaThread "Unknown thread" [_thread_in_vm, id=13180, stack(0x0000000b63e00000,0x0000000b63f00000)]

Stack: [0x0000000b63e00000,0x0000000b63f00000]
Native frames: (J=compiled Java code, j=interpreted, Vv=VM code, C=native code)
V  [jvm.dll+0x67a04a]
V  [jvm.dll+0x7da4ed]
V  [jvm.dll+0x7dbe33]
V  [jvm.dll+0x7dc4a3]
V  [jvm.dll+0x24508f]
V  [jvm.dll+0x677089]
V  [jvm.dll+0x66bd32]
V  [jvm.dll+0x301fa6]
V  [jvm.dll+0x309546]
V  [jvm.dll+0x359d2e]
V  [jvm.dll+0x359f5f]
V  [jvm.dll+0x2d9078]
V  [jvm.dll+0x2d9fe4]
V  [jvm.dll+0x7aca21]
V  [jvm.dll+0x367591]
V  [jvm.dll+0x78b999]
V  [jvm.dll+0x3ec83f]
V  [jvm.dll+0x3ee471]
C  [jli.dll+0x5297]
C  [ucrtbase.dll+0x29333]
C  [KERNEL32.DLL+0x1257d]
C  [ntdll.dll+0x5af08]


---------------  P R O C E S S  ---------------

Threads class SMR info:
_java_thread_list=0x00007ffdf9ba7a18, length=0, elements={
}

Java Threads: ( => current thread )

Other Threads:
  0x0000017d6da1a180 GCTaskThread "GC Thread#0" [stack: 0x0000000b63f00000,0x0000000b64000000] [id=14440]
  0x0000017d6da1c7f0 ConcurrentGCThread "G1 Main Marker" [stack: 0x0000000b64000000,0x0000000b64100000] [id=12724]
  0x0000017d6da1d110 ConcurrentGCThread "G1 Conc#0" [stack: 0x0000000b64100000,0x0000000b64200000] [id=16668]

[error occurred during error reporting (printing all threads), id 0xc0000005, EXCEPTION_ACCESS_VIOLATION (0xc0000005) at pc=0x00007ffdf93d9b67]

VM state: not at safepoint (not fully initialized)

VM Mutex/Monitor currently owned by a thread:  ([mutex/lock_event])
[0x0000017d6d9f4740] Heap_lock - owner thread: 0x0000017d6d9f9740

Heap address: 0x00000000fc000000, size: 64 MB, Compressed Oops mode: 32-bit

CDS archive(s) mapped at: [0x0000000000000000-0x0000000000000000-0x0000000000000000), size 0, SharedBaseAddress: 0x0000000800000000, ArchiveRelocationMode: 1.
Narrow klass base: 0x0000000000000000, Narrow klass shift: 0, Narrow klass range: 0x0

GC Precious Log:
<Empty>

Heap:
 garbage-first heap   total 0K, used 0K [0x00000000fc000000, 0x0000000100000000)
  region size 1024K, 0 young (0K), 0 survivors (0K)

[error occurred during error reporting (printing heap information), id 0xc0000005, EXCEPTION_ACCESS_VIOLATION (0xc0000005) at pc=0x00007ffdf97c3859]

GC Heap History (0 events):
No events

Deoptimization events (0 events):
No events

Classes unloaded (0 events):
No events

Classes redefined (0 events):
No events

Internal exceptions (0 events):
No events

VM Operations (0 events):
No events

Events (1 events):
Event: 0.006 Loaded shared library C:\Program Files\Java\jdk-17\bin\java.dll


Dynamic libraries:
0x00007ff670b80000 - 0x00007ff670b90000 	C:\Program Files\Java\jdk-17\bin\java.exe
0x00007ffe12a10000 - 0x00007ffe12c27000 	C:\WINDOWS\SYSTEM32\ntdll.dll
0x00007ffe11250000 - 0x00007ffe11314000 	C:\WINDOWS\System32\KERNEL32.DLL
0x00007ffe0ffb0000 - 0x00007ffe10367000 	C:\WINDOWS\System32\KERNELBASE.dll
0x00007ffe10430000 - 0x00007ffe10541000 	C:\WINDOWS\System32\ucrtbase.dll
0x00007ffe004d0000 - 0x00007ffe004e9000 	C:\Program Files\Java\jdk-17\bin\jli.dll
0x00007ffdfde90000 - 0x00007ffdfdeab000 	C:\Program Files\Java\jdk-17\bin\VCRUNTIME140.dll
0x00007ffe126c0000 - 0x00007ffe12772000 	C:\WINDOWS\System32\ADVAPI32.dll
0x00007ffe11780000 - 0x00007ffe11827000 	C:\WINDOWS\System32\msvcrt.dll
0x00007ffe10aa0000 - 0x00007ffe10b48000 	C:\WINDOWS\System32\sechost.dll
0x00007ffe10670000 - 0x00007ffe10698000 	C:\WINDOWS\System32\bcrypt.dll
0x00007ffe12780000 - 0x00007ffe12894000 	C:\WINDOWS\System32\RPCRT4.dll
0x00007ffe10750000 - 0x00007ffe108ff000 	C:\WINDOWS\System32\USER32.dll
0x00007ffdf1b60000 - 0x00007ffdf1df3000 	C:\WINDOWS\WinSxS\amd64_microsoft.windows.common-controls_6595b64144ccf1df_6.0.22621.3672_none_2713b9d173822955\COMCTL32.dll
0x00007ffe0ff80000 - 0x00007ffe0ffa6000 	C:\WINDOWS\System32\win32u.dll
0x00007ffe10a70000 - 0x00007ffe10a99000 	C:\WINDOWS\System32\GDI32.dll
0x00007ffe10550000 - 0x00007ffe10668000 	C:\WINDOWS\System32\gdi32full.dll
0x00007ffe106a0000 - 0x00007ffe1073a000 	C:\WINDOWS\System32\msvcp_win.dll
0x00007ffe077b0000 - 0x00007ffe077ba000 	C:\WINDOWS\SYSTEM32\VERSION.dll
0x00007ffe120a0000 - 0x00007ffe120d1000 	C:\WINDOWS\System32\IMM32.DLL
0x00007ffe004c0000 - 0x00007ffe004cc000 	C:\Program Files\Java\jdk-17\bin\vcruntime140_1.dll
0x00007ffd840d0000 - 0x00007ffd8415e000 	C:\Program Files\Java\jdk-17\bin\msvcp140.dll
0x00007ffdf90f0000 - 0x00007ffdf9cd0000 	C:\Program Files\Java\jdk-17\bin\server\jvm.dll
0x00007ffe10900000 - 0x00007ffe10908000 	C:\WINDOWS\System32\PSAPI.DLL
0x00007ffe0afd0000 - 0x00007ffe0b004000 	C:\WINDOWS\SYSTEM32\WINMM.dll
0x00007ffdfaad0000 - 0x00007ffdfaad9000 	C:\WINDOWS\SYSTEM32\WSOCK32.dll
0x00007ffe115f0000 - 0x00007ffe11661000 	C:\WINDOWS\System32\WS2_32.dll
0x00007ffe0ed70000 - 0x00007ffe0ed88000 	C:\WINDOWS\SYSTEM32\kernel.appcore.dll
0x00007ffdf5890000 - 0x00007ffdf589a000 	C:\Program Files\Java\jdk-17\bin\jimage.dll
0x00007ffe0d6c0000 - 0x00007ffe0d8f2000 	C:\WINDOWS\SYSTEM32\DBGHELP.DLL
0x00007ffe10db0000 - 0x00007ffe1113e000 	C:\WINDOWS\System32\combase.dll
0x00007ffe12100000 - 0x00007ffe121d7000 	C:\WINDOWS\System32\OLEAUT32.dll
0x00007ffdf9d10000 - 0x00007ffdf9d42000 	C:\WINDOWS\SYSTEM32\dbgcore.DLL
0x00007ffe0fd20000 - 0x00007ffe0fd9b000 	C:\WINDOWS\System32\bcryptPrimitives.dll
0x00007ffdf38a0000 - 0x00007ffdf38c5000 	C:\Program Files\Java\jdk-17\bin\java.dll

dbghelp: loaded successfully - version: 4.0.5 - missing functions: none
symbol engine: initialized successfully - sym options: 0x614 - pdb path: .;C:\Program Files\Java\jdk-17\bin;C:\WINDOWS\SYSTEM32;C:\WINDOWS\WinSxS\amd64_microsoft.windows.common-controls_6595b64144ccf1df_6.0.22621.3672_none_2713b9d173822955;C:\Program Files\Java\jdk-17\bin\server

VM Arguments:
jvm_args: -Xmx64m -Xms64m -Dorg.gradle.appname=gradlew 
java_command: org.gradle.wrapper.GradleWrapperMain app:installDebug -PreactNativeDevServerPort=8081
java_class_path (initial): D:\AwesomeProject\android\\gradle\wrapper\gradle-wrapper.jar
Launcher Type: SUN_STANDARD

[Global flags]
     intx CICompilerCount                          = 4                                         {product} {ergonomic}
     uint ConcGCThreads                            = 3                                         {product} {ergonomic}
     uint G1ConcRefinementThreads                  = 10                                        {product} {ergonomic}
   size_t G1HeapRegionSize                         = 1048576                                   {product} {ergonomic}
    uintx GCDrainStackTargetSize                   = 64                                        {product} {ergonomic}
   size_t InitialHeapSize                          = 67108864                                  {product} {command line}
   size_t MarkStackSize                            = 4194304                                   {product} {ergonomic}
   size_t MaxHeapSize                              = 67108864                                  {product} {command line}
   size_t MinHeapDeltaBytes                        = 1048576                                   {product} {ergonomic}
   size_t MinHeapSize                              = 67108864                                  {product} {command line}
    uintx NonNMethodCodeHeapSize                   = 5839372                                {pd product} {ergonomic}
    uintx NonProfiledCodeHeapSize                  = 122909434                              {pd product} {ergonomic}
    uintx ProfiledCodeHeapSize                     = 122909434                              {pd product} {ergonomic}
    uintx ReservedCodeCacheSize                    = 251658240                              {pd product} {ergonomic}
     bool SegmentedCodeCache                       = true                                      {product} {ergonomic}
   size_t SoftMaxHeapSize                          = 67108864                               {manageable} {ergonomic}
     bool UseCompressedClassPointers               = true                           {product lp64_product} {ergonomic}
     bool UseCompressedOops                        = true                           {product lp64_product} {ergonomic}
     bool UseG1GC                                  = true                                      {product} {ergonomic}
     bool UseLargePagesIndividualAllocation        = false                                  {pd product} {ergonomic}

Logging:
Log output configuration:
 #0: stdout all=warning uptime,level,tags
 #1: stderr all=off uptime,level,tags

Environment Variables:
JAVA_HOME=C:\Program Files\Java\jdk-17
CLASSPATH=D:\AwesomeProject\android\\gradle\wrapper\gradle-wrapper.jar
PATH=D:\AwesomeProject\node_modules\.bin;D:\AwesomeProject\node_modules\.bin;D:\node_modules\.bin;C:\Program Files\nodejs\node_modules\npm\node_modules\@npmcli\run-script\lib\node-gyp-bin;D:\AwesomeProject\node_modules\.bin;D:\AwesomeProject\android\node_modules\.bin;D:\AwesomeProject\node_modules\.bin;D:\node_modules\.bin;C:\Program Files\nodejs\node_modules\npm\node_modules\@npmcli\run-script\lib\node-gyp-bin;C:\Program Files (x86)\Common Files\Intel\Shared Libraries\redist\intel64\compiler;C:\Program Files (x86)\Common Files\Intel\Shared Files\cpp\bin\Intel64;C:\Windows\system32;C:\Windows;C:\Windows\System32\Wbem;C:\Windows\System32\WindowsPowerShell\v1.0\;C:\Windows\System32\OpenSSH\;C:\Program Files\Microsoft SQL Server\130\Tools\Binn\;C:\Users\lenovo\anaconda3;C:\User\lenovo\anaconda3\Scripts;C:\WINDOWS\system32;C:\WINDOWS;C:\WINDOWS\System32\Wbem;C:\WINDOWS\System32\WindowsPowerShell\v1.0\;C:\WINDOWS\System32\OpenSSH\;C:\Program Files\Git\cmd;C:\xampp\php;C:\ProgramData\ComposerSetup\bin;C:\Program Files\nodejs\;C:\Program Files\Java\jdk-17\bin;C:\xampp\php;C:\Users\lenovo\AppData\Local\Programs\Microsoft VS Code\bin;C:\Users\lenovo\AppData\Roaming\Composer\vendor\bin;C:\Users\lenovo\AppData\Roaming\npm;C:\Program Files\Java\jdk-17;
USERNAME=lenovo
LANG=en_US.UTF-8
OS=Windows_NT
PROCESSOR_IDENTIFIER=AMD64 Family 23 Model 104 Stepping 1, AuthenticAMD



---------------  S Y S T E M  ---------------

OS:
 Windows 11 , 64 bit Build 22621 (10.0.22621.3958)
OS uptime: 0 days 15:52 hours

CPU: total 12 (initial active 12) (12 cores per cpu, 2 threads per core) family 23 model 104 stepping 1 microcode 0x0, cx8, cmov, fxsr, ht, mmx, 3dnowpref, sse, sse2, sse3, ssse3, sse4a, sse4.1, sse4.2, popcnt, lzcnt, tsc, tscinvbit, avx, avx2, aes, clmul, bmi1, bmi2, adx, sha, fma, vzeroupper, clflush, clflushopt

Memory: 4k page, system-wide physical 6005M (372M free)
TotalPageFile size 15659M (AvailPageFile size 15M)
current process WorkingSet (physical memory assigned to process): 11M, peak: 11M
current process commit charge ("private bytes"): 63M, peak: 127M

vm_info: Java HotSpot(TM) 64-Bit Server VM (17.0.12+8-LTS-286) for windows-amd64 JRE (17.0.12+8-LTS-286), built on Jun  5 2024 06:46:59 by "mach5one" with MS VC++ 17.6 (VS2022)

END.
